<?xml version="1.0" encoding="UTF-8"?>
<testsuite xmlns:xsi="http://www.w3.org/2001/XMLSchema-instance" xsi:noNamespaceSchemaLocation="https://maven.apache.org/surefire/maven-surefire-plugin/xsd/surefire-test-report.xsd" name="ExamplesTest" time="2.722" tests="1" errors="0" skipped="0" failures="1">
  <properties>
    <property name="java.specification.version" value="13"/>
    <property name="sun.jnu.encoding" value="UTF-8"/>
    <property name="java.class.path" value="/home/yabesh/Desktop/Backup/projects/company_projects/green-cell-backend/greencell_test/target/test-classes:/home/yabesh/Desktop/Backup/projects/company_projects/green-cell-backend/greencell_test/target/classes:/home/yabesh/.m2/repository/com/intuit/karate/karate-junit5/1.2.0/karate-junit5-1.2.0.jar:/home/yabesh/.m2/repository/com/intuit/karate/karate-core/1.2.0/karate-core-1.2.0.jar:/home/yabesh/.m2/repository/org/graalvm/js/js-scriptengine/21.2.0/js-scriptengine-21.2.0.jar:/home/yabesh/.m2/repository/org/graalvm/sdk/graal-sdk/21.2.0/graal-sdk-21.2.0.jar:/home/yabesh/.m2/repository/org/graalvm/js/js/21.2.0/js-21.2.0.jar:/home/yabesh/.m2/repository/org/graalvm/regex/regex/21.2.0/regex-21.2.0.jar:/home/yabesh/.m2/repository/org/graalvm/truffle/truffle-api/21.2.0/truffle-api-21.2.0.jar:/home/yabesh/.m2/repository/com/ibm/icu/icu4j/69.1/icu4j-69.1.jar:/home/yabesh/.m2/repository/org/thymeleaf/thymeleaf/3.0.14.RELEASE/thymeleaf-3.0.14.RELEASE.jar:/home/yabesh/.m2/repository/ognl/ognl/3.1.26/ognl-3.1.26.jar:/home/yabesh/.m2/repository/org/javassist/javassist/3.20.0-GA/javassist-3.20.0-GA.jar:/home/yabesh/.m2/repository/org/attoparser/attoparser/2.0.5.RELEASE/attoparser-2.0.5.RELEASE.jar:/home/yabesh/.m2/repository/org/unbescape/unbescape/1.1.6.RELEASE/unbescape-1.1.6.RELEASE.jar:/home/yabesh/.m2/repository/org/slf4j/slf4j-api/1.7.25/slf4j-api-1.7.25.jar:/home/yabesh/.m2/repository/com/linecorp/armeria/armeria/1.13.4/armeria-1.13.4.jar:/home/yabesh/.m2/repository/com/fasterxml/jackson/core/jackson-core/2.13.0/jackson-core-2.13.0.jar:/home/yabesh/.m2/repository/com/fasterxml/jackson/core/jackson-annotations/2.13.0/jackson-annotations-2.13.0.jar:/home/yabesh/.m2/repository/com/fasterxml/jackson/core/jackson-databind/2.13.0/jackson-databind-2.13.0.jar:/home/yabesh/.m2/repository/io/micrometer/micrometer-core/1.7.6/micrometer-core-1.7.6.jar:/home/yabesh/.m2/repository/org/hdrhistogram/HdrHistogram/2.1.12/HdrHistogram-2.1.12.jar:/home/yabesh/.m2/repository/org/latencyutils/LatencyUtils/2.0.3/LatencyUtils-2.0.3.jar:/home/yabesh/.m2/repository/io/netty/netty-transport/4.1.70.Final/netty-transport-4.1.70.Final.jar:/home/yabesh/.m2/repository/io/netty/netty-common/4.1.70.Final/netty-common-4.1.70.Final.jar:/home/yabesh/.m2/repository/io/netty/netty-buffer/4.1.70.Final/netty-buffer-4.1.70.Final.jar:/home/yabesh/.m2/repository/io/netty/netty-resolver/4.1.70.Final/netty-resolver-4.1.70.Final.jar:/home/yabesh/.m2/repository/io/netty/netty-codec-http2/4.1.70.Final/netty-codec-http2-4.1.70.Final.jar:/home/yabesh/.m2/repository/io/netty/netty-codec/4.1.70.Final/netty-codec-4.1.70.Final.jar:/home/yabesh/.m2/repository/io/netty/netty-handler/4.1.70.Final/netty-handler-4.1.70.Final.jar:/home/yabesh/.m2/repository/io/netty/netty-codec-http/4.1.70.Final/netty-codec-http-4.1.70.Final.jar:/home/yabesh/.m2/repository/io/netty/netty-codec-haproxy/4.1.70.Final/netty-codec-haproxy-4.1.70.Final.jar:/home/yabesh/.m2/repository/io/netty/netty-resolver-dns/4.1.70.Final/netty-resolver-dns-4.1.70.Final.jar:/home/yabesh/.m2/repository/io/netty/netty-codec-dns/4.1.70.Final/netty-codec-dns-4.1.70.Final.jar:/home/yabesh/.m2/repository/org/reactivestreams/reactive-streams/1.0.3/reactive-streams-1.0.3.jar:/home/yabesh/.m2/repository/com/google/code/findbugs/jsr305/3.0.2/jsr305-3.0.2.jar:/home/yabesh/.m2/repository/io/netty/netty-resolver-dns-native-macos/4.1.70.Final/netty-resolver-dns-native-macos-4.1.70.Final-osx-x86_64.jar:/home/yabesh/.m2/repository/io/netty/netty-resolver-dns-classes-macos/4.1.70.Final/netty-resolver-dns-classes-macos-4.1.70.Final.jar:/home/yabesh/.m2/repository/io/netty/netty-transport-native-unix-common/4.1.70.Final/netty-transport-native-unix-common-4.1.70.Final-linux-x86_64.jar:/home/yabesh/.m2/repository/io/netty/netty-transport-native-epoll/4.1.70.Final/netty-transport-native-epoll-4.1.70.Final-linux-x86_64.jar:/home/yabesh/.m2/repository/io/netty/netty-transport-native-unix-common/4.1.70.Final/netty-transport-native-unix-common-4.1.70.Final.jar:/home/yabesh/.m2/repository/io/netty/netty-transport-classes-epoll/4.1.70.Final/netty-transport-classes-epoll-4.1.70.Final.jar:/home/yabesh/.m2/repository/io/netty/netty-tcnative-boringssl-static/2.0.44.Final/netty-tcnative-boringssl-static-2.0.44.Final.jar:/home/yabesh/.m2/repository/io/netty/netty-handler-proxy/4.1.70.Final/netty-handler-proxy-4.1.70.Final.jar:/home/yabesh/.m2/repository/io/netty/netty-codec-socks/4.1.70.Final/netty-codec-socks-4.1.70.Final.jar:/home/yabesh/.m2/repository/com/aayushatharva/brotli4j/brotli4j/1.6.0/brotli4j-1.6.0.jar:/home/yabesh/.m2/repository/com/aayushatharva/brotli4j/native-linux-x86_64/1.6.0/native-linux-x86_64-1.6.0.jar:/home/yabesh/.m2/repository/org/apache/httpcomponents/httpclient/4.5.13/httpclient-4.5.13.jar:/home/yabesh/.m2/repository/org/apache/httpcomponents/httpcore/4.4.13/httpcore-4.4.13.jar:/home/yabesh/.m2/repository/commons-codec/commons-codec/1.11/commons-codec-1.11.jar:/home/yabesh/.m2/repository/ch/qos/logback/logback-classic/1.2.9/logback-classic-1.2.9.jar:/home/yabesh/.m2/repository/ch/qos/logback/logback-core/1.2.9/logback-core-1.2.9.jar:/home/yabesh/.m2/repository/org/slf4j/jcl-over-slf4j/1.7.32/jcl-over-slf4j-1.7.32.jar:/home/yabesh/.m2/repository/org/antlr/antlr4-runtime/4.9.2/antlr4-runtime-4.9.2.jar:/home/yabesh/.m2/repository/com/jayway/jsonpath/json-path/2.7.0/json-path-2.7.0.jar:/home/yabesh/.m2/repository/net/minidev/json-smart/2.4.7/json-smart-2.4.7.jar:/home/yabesh/.m2/repository/net/minidev/accessors-smart/2.4.7/accessors-smart-2.4.7.jar:/home/yabesh/.m2/repository/org/ow2/asm/asm/9.1/asm-9.1.jar:/home/yabesh/.m2/repository/info/cukes/cucumber-java/1.2.5/cucumber-java-1.2.5.jar:/home/yabesh/.m2/repository/info/cukes/cucumber-core/1.2.5/cucumber-core-1.2.5.jar:/home/yabesh/.m2/repository/org/yaml/snakeyaml/1.29/snakeyaml-1.29.jar:/home/yabesh/.m2/repository/de/siegmar/fastcsv/2.0.0/fastcsv-2.0.0.jar:/home/yabesh/.m2/repository/info/picocli/picocli/4.6.1/picocli-4.6.1.jar:/home/yabesh/.m2/repository/io/github/classgraph/classgraph/4.8.108/classgraph-4.8.108.jar:/home/yabesh/.m2/repository/org/junit/jupiter/junit-jupiter-api/5.7.2/junit-jupiter-api-5.7.2.jar:/home/yabesh/.m2/repository/org/apiguardian/apiguardian-api/1.1.0/apiguardian-api-1.1.0.jar:/home/yabesh/.m2/repository/org/opentest4j/opentest4j/1.2.0/opentest4j-1.2.0.jar:/home/yabesh/.m2/repository/org/junit/platform/junit-platform-commons/1.7.2/junit-platform-commons-1.7.2.jar:/home/yabesh/.m2/repository/org/junit/jupiter/junit-jupiter-engine/5.7.2/junit-jupiter-engine-5.7.2.jar:/home/yabesh/.m2/repository/org/junit/platform/junit-platform-engine/1.7.2/junit-platform-engine-1.7.2.jar:"/>
    <property name="java.vm.vendor" value="Oracle Corporation"/>
    <property name="sun.arch.data.model" value="64"/>
    <property name="java.vendor.url" value="https://java.oracle.com/"/>
    <property name="os.name" value="Linux"/>
    <property name="java.vm.specification.version" value="13"/>
    <property name="sun.java.launcher" value="SUN_STANDARD"/>
    <property name="user.country" value="US"/>
    <property name="sun.boot.library.path" value="/opt/jdk-13.0.1/lib"/>
    <property name="sun.java.command" value="/home/yabesh/Desktop/Backup/projects/company_projects/green-cell-backend/greencell_test/target/surefire/surefirebooter7438941306995258573.jar /home/yabesh/Desktop/Backup/projects/company_projects/green-cell-backend/greencell_test/target/surefire 2022-10-13T14-06-08_715-jvmRun1 surefire17259586579268602890tmp surefire_04319356722006012043tmp"/>
    <property name="jdk.debug" value="release"/>
    <property name="surefire.test.class.path" value="/home/yabesh/Desktop/Backup/projects/company_projects/green-cell-backend/greencell_test/target/test-classes:/home/yabesh/Desktop/Backup/projects/company_projects/green-cell-backend/greencell_test/target/classes:/home/yabesh/.m2/repository/com/intuit/karate/karate-junit5/1.2.0/karate-junit5-1.2.0.jar:/home/yabesh/.m2/repository/com/intuit/karate/karate-core/1.2.0/karate-core-1.2.0.jar:/home/yabesh/.m2/repository/org/graalvm/js/js-scriptengine/21.2.0/js-scriptengine-21.2.0.jar:/home/yabesh/.m2/repository/org/graalvm/sdk/graal-sdk/21.2.0/graal-sdk-21.2.0.jar:/home/yabesh/.m2/repository/org/graalvm/js/js/21.2.0/js-21.2.0.jar:/home/yabesh/.m2/repository/org/graalvm/regex/regex/21.2.0/regex-21.2.0.jar:/home/yabesh/.m2/repository/org/graalvm/truffle/truffle-api/21.2.0/truffle-api-21.2.0.jar:/home/yabesh/.m2/repository/com/ibm/icu/icu4j/69.1/icu4j-69.1.jar:/home/yabesh/.m2/repository/org/thymeleaf/thymeleaf/3.0.14.RELEASE/thymeleaf-3.0.14.RELEASE.jar:/home/yabesh/.m2/repository/ognl/ognl/3.1.26/ognl-3.1.26.jar:/home/yabesh/.m2/repository/org/javassist/javassist/3.20.0-GA/javassist-3.20.0-GA.jar:/home/yabesh/.m2/repository/org/attoparser/attoparser/2.0.5.RELEASE/attoparser-2.0.5.RELEASE.jar:/home/yabesh/.m2/repository/org/unbescape/unbescape/1.1.6.RELEASE/unbescape-1.1.6.RELEASE.jar:/home/yabesh/.m2/repository/org/slf4j/slf4j-api/1.7.25/slf4j-api-1.7.25.jar:/home/yabesh/.m2/repository/com/linecorp/armeria/armeria/1.13.4/armeria-1.13.4.jar:/home/yabesh/.m2/repository/com/fasterxml/jackson/core/jackson-core/2.13.0/jackson-core-2.13.0.jar:/home/yabesh/.m2/repository/com/fasterxml/jackson/core/jackson-annotations/2.13.0/jackson-annotations-2.13.0.jar:/home/yabesh/.m2/repository/com/fasterxml/jackson/core/jackson-databind/2.13.0/jackson-databind-2.13.0.jar:/home/yabesh/.m2/repository/io/micrometer/micrometer-core/1.7.6/micrometer-core-1.7.6.jar:/home/yabesh/.m2/repository/org/hdrhistogram/HdrHistogram/2.1.12/HdrHistogram-2.1.12.jar:/home/yabesh/.m2/repository/org/latencyutils/LatencyUtils/2.0.3/LatencyUtils-2.0.3.jar:/home/yabesh/.m2/repository/io/netty/netty-transport/4.1.70.Final/netty-transport-4.1.70.Final.jar:/home/yabesh/.m2/repository/io/netty/netty-common/4.1.70.Final/netty-common-4.1.70.Final.jar:/home/yabesh/.m2/repository/io/netty/netty-buffer/4.1.70.Final/netty-buffer-4.1.70.Final.jar:/home/yabesh/.m2/repository/io/netty/netty-resolver/4.1.70.Final/netty-resolver-4.1.70.Final.jar:/home/yabesh/.m2/repository/io/netty/netty-codec-http2/4.1.70.Final/netty-codec-http2-4.1.70.Final.jar:/home/yabesh/.m2/repository/io/netty/netty-codec/4.1.70.Final/netty-codec-4.1.70.Final.jar:/home/yabesh/.m2/repository/io/netty/netty-handler/4.1.70.Final/netty-handler-4.1.70.Final.jar:/home/yabesh/.m2/repository/io/netty/netty-codec-http/4.1.70.Final/netty-codec-http-4.1.70.Final.jar:/home/yabesh/.m2/repository/io/netty/netty-codec-haproxy/4.1.70.Final/netty-codec-haproxy-4.1.70.Final.jar:/home/yabesh/.m2/repository/io/netty/netty-resolver-dns/4.1.70.Final/netty-resolver-dns-4.1.70.Final.jar:/home/yabesh/.m2/repository/io/netty/netty-codec-dns/4.1.70.Final/netty-codec-dns-4.1.70.Final.jar:/home/yabesh/.m2/repository/org/reactivestreams/reactive-streams/1.0.3/reactive-streams-1.0.3.jar:/home/yabesh/.m2/repository/com/google/code/findbugs/jsr305/3.0.2/jsr305-3.0.2.jar:/home/yabesh/.m2/repository/io/netty/netty-resolver-dns-native-macos/4.1.70.Final/netty-resolver-dns-native-macos-4.1.70.Final-osx-x86_64.jar:/home/yabesh/.m2/repository/io/netty/netty-resolver-dns-classes-macos/4.1.70.Final/netty-resolver-dns-classes-macos-4.1.70.Final.jar:/home/yabesh/.m2/repository/io/netty/netty-transport-native-unix-common/4.1.70.Final/netty-transport-native-unix-common-4.1.70.Final-linux-x86_64.jar:/home/yabesh/.m2/repository/io/netty/netty-transport-native-epoll/4.1.70.Final/netty-transport-native-epoll-4.1.70.Final-linux-x86_64.jar:/home/yabesh/.m2/repository/io/netty/netty-transport-native-unix-common/4.1.70.Final/netty-transport-native-unix-common-4.1.70.Final.jar:/home/yabesh/.m2/repository/io/netty/netty-transport-classes-epoll/4.1.70.Final/netty-transport-classes-epoll-4.1.70.Final.jar:/home/yabesh/.m2/repository/io/netty/netty-tcnative-boringssl-static/2.0.44.Final/netty-tcnative-boringssl-static-2.0.44.Final.jar:/home/yabesh/.m2/repository/io/netty/netty-handler-proxy/4.1.70.Final/netty-handler-proxy-4.1.70.Final.jar:/home/yabesh/.m2/repository/io/netty/netty-codec-socks/4.1.70.Final/netty-codec-socks-4.1.70.Final.jar:/home/yabesh/.m2/repository/com/aayushatharva/brotli4j/brotli4j/1.6.0/brotli4j-1.6.0.jar:/home/yabesh/.m2/repository/com/aayushatharva/brotli4j/native-linux-x86_64/1.6.0/native-linux-x86_64-1.6.0.jar:/home/yabesh/.m2/repository/org/apache/httpcomponents/httpclient/4.5.13/httpclient-4.5.13.jar:/home/yabesh/.m2/repository/org/apache/httpcomponents/httpcore/4.4.13/httpcore-4.4.13.jar:/home/yabesh/.m2/repository/commons-codec/commons-codec/1.11/commons-codec-1.11.jar:/home/yabesh/.m2/repository/ch/qos/logback/logback-classic/1.2.9/logback-classic-1.2.9.jar:/home/yabesh/.m2/repository/ch/qos/logback/logback-core/1.2.9/logback-core-1.2.9.jar:/home/yabesh/.m2/repository/org/slf4j/jcl-over-slf4j/1.7.32/jcl-over-slf4j-1.7.32.jar:/home/yabesh/.m2/repository/org/antlr/antlr4-runtime/4.9.2/antlr4-runtime-4.9.2.jar:/home/yabesh/.m2/repository/com/jayway/jsonpath/json-path/2.7.0/json-path-2.7.0.jar:/home/yabesh/.m2/repository/net/minidev/json-smart/2.4.7/json-smart-2.4.7.jar:/home/yabesh/.m2/repository/net/minidev/accessors-smart/2.4.7/accessors-smart-2.4.7.jar:/home/yabesh/.m2/repository/org/ow2/asm/asm/9.1/asm-9.1.jar:/home/yabesh/.m2/repository/info/cukes/cucumber-java/1.2.5/cucumber-java-1.2.5.jar:/home/yabesh/.m2/repository/info/cukes/cucumber-core/1.2.5/cucumber-core-1.2.5.jar:/home/yabesh/.m2/repository/org/yaml/snakeyaml/1.29/snakeyaml-1.29.jar:/home/yabesh/.m2/repository/de/siegmar/fastcsv/2.0.0/fastcsv-2.0.0.jar:/home/yabesh/.m2/repository/info/picocli/picocli/4.6.1/picocli-4.6.1.jar:/home/yabesh/.m2/repository/io/github/classgraph/classgraph/4.8.108/classgraph-4.8.108.jar:/home/yabesh/.m2/repository/org/junit/jupiter/junit-jupiter-api/5.7.2/junit-jupiter-api-5.7.2.jar:/home/yabesh/.m2/repository/org/apiguardian/apiguardian-api/1.1.0/apiguardian-api-1.1.0.jar:/home/yabesh/.m2/repository/org/opentest4j/opentest4j/1.2.0/opentest4j-1.2.0.jar:/home/yabesh/.m2/repository/org/junit/platform/junit-platform-commons/1.7.2/junit-platform-commons-1.7.2.jar:/home/yabesh/.m2/repository/org/junit/jupiter/junit-jupiter-engine/5.7.2/junit-jupiter-engine-5.7.2.jar:/home/yabesh/.m2/repository/org/junit/platform/junit-platform-engine/1.7.2/junit-platform-engine-1.7.2.jar:"/>
    <property name="sun.cpu.endian" value="little"/>
    <property name="user.home" value="/home/yabesh"/>
    <property name="user.language" value="en"/>
    <property name="java.specification.vendor" value="Oracle Corporation"/>
    <property name="java.version.date" value="2019-10-15"/>
    <property name="java.home" value="/opt/jdk-13.0.1"/>
    <property name="file.separator" value="/"/>
    <property name="basedir" value="/home/yabesh/Desktop/Backup/projects/company_projects/green-cell-backend/greencell_test"/>
    <property name="java.vm.compressedOopsMode" value="Zero based"/>
    <property name="line.separator" value="&#10;"/>
    <property name="java.vm.specification.vendor" value="Oracle Corporation"/>
    <property name="java.specification.name" value="Java Platform API Specification"/>
    <property name="karate.options" value="--tags @android_sample_test"/>
    <property name="surefire.real.class.path" value="/home/yabesh/Desktop/Backup/projects/company_projects/green-cell-backend/greencell_test/target/surefire/surefirebooter7438941306995258573.jar"/>
    <property name="sun.management.compiler" value="HotSpot 64-Bit Tiered Compilers"/>
    <property name="java.runtime.version" value="13.0.1+9"/>
    <property name="user.name" value="yabesh"/>
    <property name="path.separator" value=":"/>
    <property name="os.version" value="5.19.0-76051900-generic"/>
    <property name="java.runtime.name" value="OpenJDK Runtime Environment"/>
    <property name="file.encoding" value="UTF-8"/>
    <property name="java.vm.name" value="OpenJDK 64-Bit Server VM"/>
    <property name="localRepository" value="/home/yabesh/.m2/repository"/>
    <property name="java.vendor.url.bug" value="https://bugreport.java.com/bugreport/"/>
    <property name="java.io.tmpdir" value="/tmp"/>
    <property name="java.version" value="13.0.1"/>
    <property name="user.dir" value="/home/yabesh/Desktop/Backup/projects/company_projects/green-cell-backend/greencell_test"/>
    <property name="os.arch" value="amd64"/>
    <property name="java.vm.specification.name" value="Java Virtual Machine Specification"/>
    <property name="java.library.path" value="/usr/java/packages/lib:/usr/lib64:/lib64:/lib:/usr/lib"/>
    <property name="java.vm.info" value="mixed mode, sharing"/>
    <property name="java.vendor" value="Oracle Corporation"/>
    <property name="java.vm.version" value="13.0.1+9"/>
    <property name="sun.io.unicode.encoding" value="UnicodeLittle"/>
    <property name="java.class.version" value="57.0"/>
  </properties>
  <testcase name="testSample[1][1]" classname="ExamplesTest" time="1.577">
    <failure message="driver config / start failed: webdriver session create status 500, {&quot;status&quot;:13,&quot;value&quot;:{&quot;message&quot;:&quot;An unknown server-side error occurred while processing the command. Original error: Cannot verify the signature of &apos;/home/yabesh/.npm-packages/lib/node_modules/appium/node_modules/appium-uiautomator2-server/apks/appium-uiautomator2-server-v4.27.0.apk&apos;. Original error: Could not find &apos;apksigner.jar&apos; in [\&quot;/usr/local/android-studio/platform-tools/apksigner.jar\&quot;,\&quot;/usr/local/android-studio/emulator/apksigner.jar\&quot;,\&quot;/usr/local/android-studio/cmdline-tools/latest/bin/apksigner.jar\&quot;,\&quot;/usr/local/android-studio/tools/apksigner.jar\&quot;,\&quot;/usr/local/android-studio/tools/bin/apksigner.jar\&quot;,\&quot;/usr/local/android-studio/apksigner.jar\&quot;]. Do you have Android Build Tools installed at &apos;/usr/local/android-studio&apos;?&quot;},&quot;sessionId&quot;:null}, options: {type=android, webDriverPath=/wd/hub, start=false, httpConfig={readTimeout=120000}, target=null, webDriverSession={desiredCapabilities={app=/home/yabesh/Downloads/UiDemo.apk, newCommandTimeout=300, platformVersion=9.0, platformName=Android, connectHardwareKeyboard=true, deviceName=emulator-554, avd=Nexus_4_API_22, automationName=UiAutomator2}}}&#10;classpath:test/test_features/android/android.feature:28" type="org.opentest4j.AssertionFailedError">org.opentest4j.AssertionFailedError: 
driver config / start failed: webdriver session create status 500, {"status":13,"value":{"message":"An unknown server-side error occurred while processing the command. Original error: Cannot verify the signature of '/home/yabesh/.npm-packages/lib/node_modules/appium/node_modules/appium-uiautomator2-server/apks/appium-uiautomator2-server-v4.27.0.apk'. Original error: Could not find 'apksigner.jar' in [\"/usr/local/android-studio/platform-tools/apksigner.jar\",\"/usr/local/android-studio/emulator/apksigner.jar\",\"/usr/local/android-studio/cmdline-tools/latest/bin/apksigner.jar\",\"/usr/local/android-studio/tools/apksigner.jar\",\"/usr/local/android-studio/tools/bin/apksigner.jar\",\"/usr/local/android-studio/apksigner.jar\"]. Do you have Android Build Tools installed at '/usr/local/android-studio'?"},"sessionId":null}, options: {type=android, webDriverPath=/wd/hub, start=false, httpConfig={readTimeout=120000}, target=null, webDriverSession={desiredCapabilities={app=/home/yabesh/Downloads/UiDemo.apk, newCommandTimeout=300, platformVersion=9.0, platformName=Android, connectHardwareKeyboard=true, deviceName=emulator-554, avd=Nexus_4_API_22, automationName=UiAutomator2}}}
classpath:test/test_features/android/android.feature:28
</failure>
    <system-out><![CDATA[14:06:09.458 [main] INFO  com.intuit.karate.Runner - using system property 'karate.options': --tags @android_sample_test
14:06:10.511 [main] DEBUG com.intuit.karate - request:
1 > POST http://localhost:4723/wd/hub/session
1 > Content-Type: application/json; charset=UTF-8
1 > Content-Length: 258
1 > Host: localhost:4723
1 > Connection: Keep-Alive
1 > User-Agent: Apache-HttpClient/4.5.13 (Java/13.0.1)
1 > Accept-Encoding: gzip,deflate
{"desiredCapabilities":{"app":"\/home\/yabesh\/Downloads\/UiDemo.apk","newCommandTimeout":300,"platformVersion":"9.0","platformName":"Android","connectHardwareKeyboard":true,"deviceName":"emulator-554","avd":"Nexus_4_API_22","automationName":"UiAutomator2"}}

14:06:11.354 [main] DEBUG com.intuit.karate - response time in milliseconds: 841
1 < 500
1 < X-Powered-By: Express
1 < Vary: X-HTTP-Method-Override
1 < Content-Type: application/json; charset=utf-8
1 < Content-Length: 761
1 < ETag: W/"2f9-d/7rIXDbY3TETeU36qBIglGOcRk"
1 < Date: Thu, 13 Oct 2022 08:36:11 GMT
1 < Connection: keep-alive
1 < Keep-Alive: timeout=600
{"status":13,"value":{"message":"An unknown server-side error occurred while processing the command. Original error: Cannot verify the signature of '/home/yabesh/.npm-packages/lib/node_modules/appium/node_modules/appium-uiautomator2-server/apks/appium-uiautomator2-server-v4.27.0.apk'. Original error: Could not find 'apksigner.jar' in [\"/usr/local/android-studio/platform-tools/apksigner.jar\",\"/usr/local/android-studio/emulator/apksigner.jar\",\"/usr/local/android-studio/cmdline-tools/latest/bin/apksigner.jar\",\"/usr/local/android-studio/tools/apksigner.jar\",\"/usr/local/android-studio/tools/bin/apksigner.jar\",\"/usr/local/android-studio/apksigner.jar\"]. Do you have Android Build Tools installed at '/usr/local/android-studio'?"},"sessionId":null}

14:06:11.356 [main] WARN  com.intuit.karate - http response code: 500, response: {"status":13,"value":{"message":"An unknown server-side error occurred while processing the command. Original error: Cannot verify the signature of '/home/yabesh/.npm-packages/lib/node_modules/appium/node_modules/appium-uiautomator2-server/apks/appium-uiautomator2-server-v4.27.0.apk'. Original error: Could not find 'apksigner.jar' in [\"/usr/local/android-studio/platform-tools/apksigner.jar\",\"/usr/local/android-studio/emulator/apksigner.jar\",\"/usr/local/android-studio/cmdline-tools/latest/bin/apksigner.jar\",\"/usr/local/android-studio/tools/apksigner.jar\",\"/usr/local/android-studio/tools/bin/apksigner.jar\",\"/usr/local/android-studio/apksigner.jar\"]. Do you have Android Build Tools installed at '/usr/local/android-studio'?"},"sessionId":null}, request: POST http://localhost:4723/wd/hub/session
14:06:11.356 [main] ERROR c.i.k.d.appium.android_1665650170350 - webdriver session create status 500, {"status":13,"value":{"message":"An unknown server-side error occurred while processing the command. Original error: Cannot verify the signature of '/home/yabesh/.npm-packages/lib/node_modules/appium/node_modules/appium-uiautomator2-server/apks/appium-uiautomator2-server-v4.27.0.apk'. Original error: Could not find 'apksigner.jar' in [\"/usr/local/android-studio/platform-tools/apksigner.jar\",\"/usr/local/android-studio/emulator/apksigner.jar\",\"/usr/local/android-studio/cmdline-tools/latest/bin/apksigner.jar\",\"/usr/local/android-studio/tools/apksigner.jar\",\"/usr/local/android-studio/tools/bin/apksigner.jar\",\"/usr/local/android-studio/apksigner.jar\"]. Do you have Android Build Tools installed at '/usr/local/android-studio'?"},"sessionId":null}
14:06:11.358 [main] ERROR com.intuit.karate - driver config / start failed: webdriver session create status 500, {"status":13,"value":{"message":"An unknown server-side error occurred while processing the command. Original error: Cannot verify the signature of '/home/yabesh/.npm-packages/lib/node_modules/appium/node_modules/appium-uiautomator2-server/apks/appium-uiautomator2-server-v4.27.0.apk'. Original error: Could not find 'apksigner.jar' in [\"/usr/local/android-studio/platform-tools/apksigner.jar\",\"/usr/local/android-studio/emulator/apksigner.jar\",\"/usr/local/android-studio/cmdline-tools/latest/bin/apksigner.jar\",\"/usr/local/android-studio/tools/apksigner.jar\",\"/usr/local/android-studio/tools/bin/apksigner.jar\",\"/usr/local/android-studio/apksigner.jar\"]. Do you have Android Build Tools installed at '/usr/local/android-studio'?"},"sessionId":null}, options: {type=android, webDriverPath=/wd/hub, start=false, httpConfig={readTimeout=120000}, target=null, webDriverSession={desiredCapabilities={app=/home/yabesh/Downloads/UiDemo.apk, newCommandTimeout=300, platformVersion=9.0, platformName=Android, connectHardwareKeyboard=true, deviceName=emulator-554, avd=Nexus_4_API_22, automationName=UiAutomator2}}}
java.lang.RuntimeException: webdriver session create status 500, {"status":13,"value":{"message":"An unknown server-side error occurred while processing the command. Original error: Cannot verify the signature of '/home/yabesh/.npm-packages/lib/node_modules/appium/node_modules/appium-uiautomator2-server/apks/appium-uiautomator2-server-v4.27.0.apk'. Original error: Could not find 'apksigner.jar' in [\"/usr/local/android-studio/platform-tools/apksigner.jar\",\"/usr/local/android-studio/emulator/apksigner.jar\",\"/usr/local/android-studio/cmdline-tools/latest/bin/apksigner.jar\",\"/usr/local/android-studio/tools/apksigner.jar\",\"/usr/local/android-studio/tools/bin/apksigner.jar\",\"/usr/local/android-studio/apksigner.jar\"]. Do you have Android Build Tools installed at '/usr/local/android-studio'?"},"sessionId":null}
	at com.intuit.karate.driver.WebDriver.<init>(WebDriver.java:67)
	at com.intuit.karate.driver.appium.AppiumDriver.<init>(AppiumDriver.java:51)
	at com.intuit.karate.driver.appium.AndroidDriver.<init>(AndroidDriver.java:15)
	at com.intuit.karate.driver.appium.AndroidDriver.start(AndroidDriver.java:28)
	at com.intuit.karate.driver.DriverOptions.start(DriverOptions.java:316)
	at com.intuit.karate.core.ScenarioEngine.driver(ScenarioEngine.java:865)
	at com.intuit.karate.ScenarioActions.driver(ScenarioActions.java:420)
	at java.base/jdk.internal.reflect.NativeMethodAccessorImpl.invoke0(Native Method)
	at java.base/jdk.internal.reflect.NativeMethodAccessorImpl.invoke(NativeMethodAccessorImpl.java:62)
	at java.base/jdk.internal.reflect.DelegatingMethodAccessorImpl.invoke(DelegatingMethodAccessorImpl.java:43)
	at java.base/java.lang.reflect.Method.invoke(Method.java:567)
	at com.intuit.karate.core.StepRuntime.execute(StepRuntime.java:296)
	at com.intuit.karate.core.ScenarioRuntime.execute(ScenarioRuntime.java:497)
	at com.intuit.karate.core.ScenarioRuntime.run(ScenarioRuntime.java:440)
	at com.intuit.karate.junit5.FeatureNode.lambda$next$1(FeatureNode.java:70)
	at org.junit.jupiter.engine.descriptor.DynamicTestTestDescriptor.lambda$execute$0(DynamicTestTestDescriptor.java:52)
	at org.junit.jupiter.engine.execution.InvocationInterceptorChain$ValidatingInvocation.proceed(InvocationInterceptorChain.java:131)
	at org.junit.jupiter.api.extension.InvocationInterceptor.interceptDynamicTest(InvocationInterceptor.java:161)
	at org.junit.jupiter.engine.descriptor.DynamicTestTestDescriptor.lambda$execute$1(DynamicTestTestDescriptor.java:58)
	at org.junit.jupiter.engine.execution.InvocationInterceptorChain$InterceptorCall.lambda$ofVoid$0(InvocationInterceptorChain.java:78)
	at org.junit.jupiter.engine.execution.InvocationInterceptorChain$InterceptedInvocation.proceed(InvocationInterceptorChain.java:106)
	at org.junit.jupiter.engine.execution.InvocationInterceptorChain.proceed(InvocationInterceptorChain.java:64)
	at org.junit.jupiter.engine.execution.InvocationInterceptorChain.chainAndInvoke(InvocationInterceptorChain.java:45)
	at org.junit.jupiter.engine.execution.InvocationInterceptorChain.invoke(InvocationInterceptorChain.java:37)
	at org.junit.jupiter.engine.descriptor.DynamicTestTestDescriptor.execute(DynamicTestTestDescriptor.java:57)
	at org.junit.jupiter.engine.descriptor.DynamicTestTestDescriptor.execute(DynamicTestTestDescriptor.java:31)
	at org.junit.platform.engine.support.hierarchical.NodeTestTask.lambda$executeRecursively$5(NodeTestTask.java:139)
	at org.junit.platform.engine.support.hierarchical.ThrowableCollector.execute(ThrowableCollector.java:73)
	at org.junit.platform.engine.support.hierarchical.NodeTestTask.lambda$executeRecursively$7(NodeTestTask.java:129)
	at org.junit.platform.engine.support.hierarchical.Node.around(Node.java:137)
	at org.junit.platform.engine.support.hierarchical.NodeTestTask.lambda$executeRecursively$8(NodeTestTask.java:127)
	at org.junit.platform.engine.support.hierarchical.ThrowableCollector.execute(ThrowableCollector.java:73)
	at org.junit.platform.engine.support.hierarchical.NodeTestTask.executeRecursively(NodeTestTask.java:126)
	at org.junit.platform.engine.support.hierarchical.NodeTestTask.execute(NodeTestTask.java:84)
	at org.junit.platform.engine.support.hierarchical.SameThreadHierarchicalTestExecutorService.submit(SameThreadHierarchicalTestExecutorService.java:32)
	at org.junit.platform.engine.support.hierarchical.NodeTestTask$DefaultDynamicTestExecutor.execute(NodeTestTask.java:212)
	at org.junit.platform.engine.support.hierarchical.NodeTestTask$DefaultDynamicTestExecutor.execute(NodeTestTask.java:192)
	at java.base/java.util.stream.ForEachOps$ForEachOp$OfRef.accept(ForEachOps.java:183)
	at java.base/java.util.stream.ReferencePipeline$3$1.accept(ReferencePipeline.java:195)
	at java.base/java.util.stream.ReferencePipeline$2$1.accept(ReferencePipeline.java:177)
	at java.base/java.util.stream.ReferencePipeline$3$1.accept(ReferencePipeline.java:195)
	at java.base/java.util.stream.ReferencePipeline$11$1.accept(ReferencePipeline.java:442)
	at java.base/java.util.Iterator.forEachRemaining(Iterator.java:133)
	at java.base/java.util.Spliterators$IteratorSpliterator.forEachRemaining(Spliterators.java:1801)
	at java.base/java.util.stream.AbstractPipeline.copyInto(AbstractPipeline.java:484)
	at java.base/java.util.stream.AbstractPipeline.wrapAndCopyInto(AbstractPipeline.java:474)
	at java.base/java.util.stream.ForEachOps$ForEachOp.evaluateSequential(ForEachOps.java:150)
	at java.base/java.util.stream.ForEachOps$ForEachOp$OfRef.evaluateSequential(ForEachOps.java:173)
	at java.base/java.util.stream.AbstractPipeline.evaluate(AbstractPipeline.java:234)
	at java.base/java.util.stream.ReferencePipeline.forEachOrdered(ReferencePipeline.java:502)
	at org.junit.jupiter.engine.descriptor.DynamicContainerTestDescriptor.execute(DynamicContainerTestDescriptor.java:65)
	at org.junit.jupiter.engine.descriptor.DynamicContainerTestDescriptor.execute(DynamicContainerTestDescriptor.java:33)
	at org.junit.platform.engine.support.hierarchical.NodeTestTask.lambda$executeRecursively$5(NodeTestTask.java:139)
	at org.junit.platform.engine.support.hierarchical.ThrowableCollector.execute(ThrowableCollector.java:73)
	at org.junit.platform.engine.support.hierarchical.NodeTestTask.lambda$executeRecursively$7(NodeTestTask.java:129)
	at org.junit.platform.engine.support.hierarchical.Node.around(Node.java:137)
	at org.junit.platform.engine.support.hierarchical.NodeTestTask.lambda$executeRecursively$8(NodeTestTask.java:127)
	at org.junit.platform.engine.support.hierarchical.ThrowableCollector.execute(ThrowableCollector.java:73)
	at org.junit.platform.engine.support.hierarchical.NodeTestTask.executeRecursively(NodeTestTask.java:126)
	at org.junit.platform.engine.support.hierarchical.NodeTestTask.execute(NodeTestTask.java:84)
	at org.junit.platform.engine.support.hierarchical.SameThreadHierarchicalTestExecutorService.submit(SameThreadHierarchicalTestExecutorService.java:32)
	at org.junit.platform.engine.support.hierarchical.NodeTestTask$DefaultDynamicTestExecutor.execute(NodeTestTask.java:212)
	at org.junit.platform.engine.support.hierarchical.NodeTestTask$DefaultDynamicTestExecutor.execute(NodeTestTask.java:192)
	at java.base/java.util.Optional.ifPresent(Optional.java:176)
	at org.junit.jupiter.engine.descriptor.TestFactoryTestDescriptor.lambda$invokeTestMethod$1(TestFactoryTestDescriptor.java:106)
	at org.junit.platform.engine.support.hierarchical.ThrowableCollector.execute(ThrowableCollector.java:73)
	at org.junit.jupiter.engine.descriptor.TestFactoryTestDescriptor.invokeTestMethod(TestFactoryTestDescriptor.java:93)
	at org.junit.jupiter.engine.descriptor.TestMethodTestDescriptor.execute(TestMethodTestDescriptor.java:131)
	at org.junit.jupiter.engine.descriptor.TestMethodTestDescriptor.execute(TestMethodTestDescriptor.java:65)
	at org.junit.platform.engine.support.hierarchical.NodeTestTask.lambda$executeRecursively$5(NodeTestTask.java:139)
	at org.junit.platform.engine.support.hierarchical.ThrowableCollector.execute(ThrowableCollector.java:73)
	at org.junit.platform.engine.support.hierarchical.NodeTestTask.lambda$executeRecursively$7(NodeTestTask.java:129)
	at org.junit.platform.engine.support.hierarchical.Node.around(Node.java:137)
	at org.junit.platform.engine.support.hierarchical.NodeTestTask.lambda$executeRecursively$8(NodeTestTask.java:127)
	at org.junit.platform.engine.support.hierarchical.ThrowableCollector.execute(ThrowableCollector.java:73)
	at org.junit.platform.engine.support.hierarchical.NodeTestTask.executeRecursively(NodeTestTask.java:126)
	at org.junit.platform.engine.support.hierarchical.NodeTestTask.execute(NodeTestTask.java:84)
	at java.base/java.util.ArrayList.forEach(ArrayList.java:1507)
	at org.junit.platform.engine.support.hierarchical.SameThreadHierarchicalTestExecutorService.invokeAll(SameThreadHierarchicalTestExecutorService.java:38)
	at org.junit.platform.engine.support.hierarchical.NodeTestTask.lambda$executeRecursively$5(NodeTestTask.java:143)
	at org.junit.platform.engine.support.hierarchical.ThrowableCollector.execute(ThrowableCollector.java:73)
	at org.junit.platform.engine.support.hierarchical.NodeTestTask.lambda$executeRecursively$7(NodeTestTask.java:129)
	at org.junit.platform.engine.support.hierarchical.Node.around(Node.java:137)
	at org.junit.platform.engine.support.hierarchical.NodeTestTask.lambda$executeRecursively$8(NodeTestTask.java:127)
	at org.junit.platform.engine.support.hierarchical.ThrowableCollector.execute(ThrowableCollector.java:73)
	at org.junit.platform.engine.support.hierarchical.NodeTestTask.executeRecursively(NodeTestTask.java:126)
	at org.junit.platform.engine.support.hierarchical.NodeTestTask.execute(NodeTestTask.java:84)
	at java.base/java.util.ArrayList.forEach(ArrayList.java:1507)
	at org.junit.platform.engine.support.hierarchical.SameThreadHierarchicalTestExecutorService.invokeAll(SameThreadHierarchicalTestExecutorService.java:38)
	at org.junit.platform.engine.support.hierarchical.NodeTestTask.lambda$executeRecursively$5(NodeTestTask.java:143)
	at org.junit.platform.engine.support.hierarchical.ThrowableCollector.execute(ThrowableCollector.java:73)
	at org.junit.platform.engine.support.hierarchical.NodeTestTask.lambda$executeRecursively$7(NodeTestTask.java:129)
	at org.junit.platform.engine.support.hierarchical.Node.around(Node.java:137)
	at org.junit.platform.engine.support.hierarchical.NodeTestTask.lambda$executeRecursively$8(NodeTestTask.java:127)
	at org.junit.platform.engine.support.hierarchical.ThrowableCollector.execute(ThrowableCollector.java:73)
	at org.junit.platform.engine.support.hierarchical.NodeTestTask.executeRecursively(NodeTestTask.java:126)
	at org.junit.platform.engine.support.hierarchical.NodeTestTask.execute(NodeTestTask.java:84)
	at org.junit.platform.engine.support.hierarchical.SameThreadHierarchicalTestExecutorService.submit(SameThreadHierarchicalTestExecutorService.java:32)
	at org.junit.platform.engine.support.hierarchical.HierarchicalTestExecutor.execute(HierarchicalTestExecutor.java:57)
	at org.junit.platform.engine.support.hierarchical.HierarchicalTestEngine.execute(HierarchicalTestEngine.java:51)
	at org.junit.platform.launcher.core.DefaultLauncher.execute(DefaultLauncher.java:220)
	at org.junit.platform.launcher.core.DefaultLauncher.lambda$execute$6(DefaultLauncher.java:188)
	at org.junit.platform.launcher.core.DefaultLauncher.withInterceptedStreams(DefaultLauncher.java:202)
	at org.junit.platform.launcher.core.DefaultLauncher.execute(DefaultLauncher.java:181)
	at org.junit.platform.launcher.core.DefaultLauncher.execute(DefaultLauncher.java:128)
	at org.apache.maven.surefire.junitplatform.JUnitPlatformProvider.invokeAllTests(JUnitPlatformProvider.java:150)
	at org.apache.maven.surefire.junitplatform.JUnitPlatformProvider.invoke(JUnitPlatformProvider.java:124)
	at org.apache.maven.surefire.booter.ForkedBooter.invokeProviderInSameClassLoader(ForkedBooter.java:384)
	at org.apache.maven.surefire.booter.ForkedBooter.runSuitesInProcess(ForkedBooter.java:345)
	at org.apache.maven.surefire.booter.ForkedBooter.execute(ForkedBooter.java:126)
	at org.apache.maven.surefire.booter.ForkedBooter.main(ForkedBooter.java:418)
14:06:11.359 [main] ERROR com.intuit.karate - classpath:test/test_features/android/android.feature:28
* driver { webDriverSession: { desiredCapabilities : "#(desiredConfig)"} }
driver config / start failed: webdriver session create status 500, {"status":13,"value":{"message":"An unknown server-side error occurred while processing the command. Original error: Cannot verify the signature of '/home/yabesh/.npm-packages/lib/node_modules/appium/node_modules/appium-uiautomator2-server/apks/appium-uiautomator2-server-v4.27.0.apk'. Original error: Could not find 'apksigner.jar' in [\"/usr/local/android-studio/platform-tools/apksigner.jar\",\"/usr/local/android-studio/emulator/apksigner.jar\",\"/usr/local/android-studio/cmdline-tools/latest/bin/apksigner.jar\",\"/usr/local/android-studio/tools/apksigner.jar\",\"/usr/local/android-studio/tools/bin/apksigner.jar\",\"/usr/local/android-studio/apksigner.jar\"]. Do you have Android Build Tools installed at '/usr/local/android-studio'?"},"sessionId":null}, options: {type=android, webDriverPath=/wd/hub, start=false, httpConfig={readTimeout=120000}, target=null, webDriverSession={desiredCapabilities={app=/home/yabesh/Downloads/UiDemo.apk, newCommandTimeout=300, platformVersion=9.0, platformName=Android, connectHardwareKeyboard=true, deviceName=emulator-554, avd=Nexus_4_API_22, automationName=UiAutomator2}}}
classpath:test/test_features/android/android.feature:28
---------------------------------------------------------
feature: classpath:test/test_features/android/android.feature
scenarios:  1 | passed:  0 | failed:  1 | time: 1.0382
---------------------------------------------------------

]]></system-out>
  </testcase>
</testsuite>